<?xml version="1.0" encoding="UTF-8"?>
<testng-results skipped="0" failed="0" ignored="0" total="1" passed="1">
  <reporter-output>
  </reporter-output>
  <suite name="Default suite" duration-ms="18188" started-at="2018-10-02T15:43:41Z" finished-at="2018-10-02T15:43:59Z">
    <groups>
    </groups>
    <test name="Default test" duration-ms="18188" started-at="2018-10-02T15:43:41Z" finished-at="2018-10-02T15:43:59Z">
      <class name="sample1.CaptureErrorMessage">
        <test-method status="PASS" signature="runner()[pri:0, instance:sample1.CaptureErrorMessage@1d29cf23]" name="runner" duration-ms="18159" started-at="2018-10-02T15:43:41Z" finished-at="2018-10-02T15:43:59Z">
          <reporter-output>
          </reporter-output>
        </test-method> <!-- runner -->
      </class> <!-- sample1.CaptureErrorMessage -->
    </test> <!-- Default test -->
  </suite> <!-- Default suite -->
</testng-results>
